<?xml version="1.0" encoding="UTF-8"?>
<!-- Generated by org.testng.reporters.JUnitXMLReporter -->
<testsuite ignored="0" hostname="DESKTOP-909VQF3" failures="0" tests="3" name="Test" time="0.04" errors="0" timestamp="2023-12-01T17:10:58 IST">
  <testcase classname="config.BaseTest" name="@BeforeSuite beforeSuite" time="0.074">
    <failure type="java.lang.NoSuchMethodError" message="&amp;apos;com.google.common.collect.ImmutableMap com.google.common.collect.ImmutableMap.of(java.lang.Object, java.lang.Object, java.lang.Object, java.lang.Object, java.lang.Object, java.lang.Object, java.lang.Object, java.lang.Object, java.lang.Object, java.lang.Object, java.lang.Object, java.lang.Object)&amp;apos;">
      <![CDATA[java.lang.NoSuchMethodError: 'com.google.common.collect.ImmutableMap com.google.common.collect.ImmutableMap.of(java.lang.Object, java.lang.Object, java.lang.Object, java.lang.Object, java.lang.Object, java.lang.Object, java.lang.Object, java.lang.Object, java.lang.Object, java.lang.Object, java.lang.Object, java.lang.Object)'
at org.openqa.selenium.chrome.AddHasCasting.getAdditionalCommands(AddHasCasting.java:38)
at org.openqa.selenium.chrome.ChromeDriver$ChromeDriverCommandExecutor.getExtraCommands(ChromeDriver.java:120)
at org.openqa.selenium.chrome.ChromeDriver$ChromeDriverCommandExecutor.<init>(ChromeDriver.java:115)
at org.openqa.selenium.chrome.ChromeDriver.generateExecutor(ChromeDriver.java:105)
at org.openqa.selenium.chrome.ChromeDriver.<init>(ChromeDriver.java:88)
at org.openqa.selenium.chrome.ChromeDriver.<init>(ChromeDriver.java:83)
at org.openqa.selenium.chrome.ChromeDriver.<init>(ChromeDriver.java:72)
at config.BaseTest.beforeSuite(BaseTest.java:22)
... Removed 19 stack frames]]>
    </failure>
  </testcase> <!-- @BeforeSuite beforeSuite -->
  <testcase classname="tendable.Script.allTestCases" name="checkAccessibility" time="0.0">
    <skipped/>
  </testcase> <!-- checkAccessibility -->
  <testcase classname="tendable.Script.allTestCases" name="checkRequestAdemobutton" time="0.0">
    <skipped/>
  </testcase> <!-- checkRequestAdemobutton -->
  <testcase classname="tendable.Script.allTestCases" name="contatUS_marketingForm" time="0.0">
    <skipped/>
  </testcase> <!-- contatUS_marketingForm -->
</testsuite> <!-- Test -->
